17:36:09.210 karate.env system property was:  
17:36:10.218 request:
1 > GET https://reqres.in/api/users
1 > Accept-Encoding: gzip,deflate
1 > Connection: Keep-Alive
1 > Host: reqres.in
1 > User-Agent: Apache-HttpClient/4.5.12 (Java/1.8.0_302)

17:36:13.197 response time in milliseconds: 2971,19
1 < 200
1 < Age: 3667
1 < CF-Cache-Status: HIT
1 < CF-RAY: 6968b064eac3031c-MIA
1 < Cache-Control: max-age=14400
1 < Connection: keep-alive
1 < Content-Type: application/json; charset=utf-8
1 < Date: Wed, 29 Sep 2021 22:36:12 GMT
1 < Expect-CT: max-age=604800, report-uri="https://report-uri.cloudflare.com/cdn-cgi/beacon/expect-ct"
1 < NEL: {"success_fraction":0,"report_to":"cf-nel","max_age":604800}
1 < Report-To: {"endpoints":[{"url":"https:\/\/a.nel.cloudflare.com\/report\/v3?s=icQS2Fz%2Fk6YLEy6md6%2FuzvEZJo3Aik9Q1%2FXX63WCdlsYTfUNCsRgNmwxYB9moviJROyE5EOJhA%2FqFSxJlXXQQ6I6QRDQJtbYPcbYjvVy7jvyiXdRDBHsWEwpAHY%3D"}],"group":"cf-nel","max_age":604800}
1 < Server: cloudflare
1 < Transfer-Encoding: chunked
1 < Vary: Accept-Encoding
1 < access-control-allow-origin: *
1 < alt-svc: h3=":443"; ma=86400, h3-29=":443"; ma=86400, h3-28=":443"; ma=86400, h3-27=":443"; ma=86400
1 < etag: W/"3e4-2RLXvr5wTg9YQ6aH95CkYoFNuO8"
1 < via: 1.1 vegur
1 < x-powered-by: Express
{"page":1,"per_page":6,"total":12,"total_pages":2,"data":[{"id":1,"email":"george.bluth@reqres.in","first_name":"George","last_name":"Bluth","avatar":"https://reqres.in/img/faces/1-image.jpg"},{"id":2,"email":"janet.weaver@reqres.in","first_name":"Janet","last_name":"Weaver","avatar":"https://reqres.in/img/faces/2-image.jpg"},{"id":3,"email":"emma.wong@reqres.in","first_name":"Emma","last_name":"Wong","avatar":"https://reqres.in/img/faces/3-image.jpg"},{"id":4,"email":"eve.holt@reqres.in","first_name":"Eve","last_name":"Holt","avatar":"https://reqres.in/img/faces/4-image.jpg"},{"id":5,"email":"charles.morris@reqres.in","first_name":"Charles","last_name":"Morris","avatar":"https://reqres.in/img/faces/5-image.jpg"},{"id":6,"email":"tracey.ramos@reqres.in","first_name":"Tracey","last_name":"Ramos","avatar":"https://reqres.in/img/faces/6-image.jpg"}],"support":{"url":"https://reqres.in/#support-heading","text":"To keep ReqRes free, contributions towards server costs are appreciated!"}}

17:36:13.256 [print] {
  "last_name": "Bluth",
  "id": 1,
  "avatar": "https://reqres.in/img/faces/1-image.jpg",
  "first_name": "George",
  "email": "george.bluth@reqres.in"
}

17:36:13.268 request:
2 > GET https://reqres.in/api/users/1
2 > Accept-Encoding: gzip,deflate
2 > Connection: Keep-Alive
2 > Host: reqres.in
2 > User-Agent: Apache-HttpClient/4.5.12 (Java/1.8.0_302)

17:36:14.721 response time in milliseconds: 1452,35
2 < 200
2 < Age: 1572
2 < CF-Cache-Status: HIT
2 < CF-RAY: 6968b06f2b5f67e1-MIA
2 < Cache-Control: max-age=14400
2 < Connection: keep-alive
2 < Content-Type: application/json; charset=utf-8
2 < Date: Wed, 29 Sep 2021 22:36:14 GMT
2 < Expect-CT: max-age=604800, report-uri="https://report-uri.cloudflare.com/cdn-cgi/beacon/expect-ct"
2 < NEL: {"success_fraction":0,"report_to":"cf-nel","max_age":604800}
2 < Report-To: {"endpoints":[{"url":"https:\/\/a.nel.cloudflare.com\/report\/v3?s=gkpIPQjMt6ZTo3yCZcrNt%2BzMzrmkTOitzxGzwvK4ZV%2BD3gTNcPuHXyiWs4WVn%2B2jxznHRzkDBZ20hoE6nHr7Dj5aYUcLqwbrFZNpK4FRsZTBJPPqq9Idd8rOvjE%3D"}],"group":"cf-nel","max_age":604800}
2 < Server: cloudflare
2 < Transfer-Encoding: chunked
2 < Vary: Accept-Encoding
2 < access-control-allow-origin: *
2 < alt-svc: h3=":443"; ma=86400, h3-29=":443"; ma=86400, h3-28=":443"; ma=86400, h3-27=":443"; ma=86400
2 < etag: W/"118-P3iKcVpIgCj9HqYeOOrGLX8qJVc"
2 < via: 1.1 vegur
2 < x-powered-by: Express
{"data":{"id":1,"email":"george.bluth@reqres.in","first_name":"George","last_name":"Bluth","avatar":"https://reqres.in/img/faces/1-image.jpg"},"support":{"url":"https://reqres.in/#support-heading","text":"To keep ReqRes free, contributions towards server costs are appreciated!"}}

17:36:14.745 karate.env system property was:  
17:36:14.754 request:
1 > POST https://reqres.in/api/users
1 > Accept-Encoding: gzip,deflate
1 > Connection: Keep-Alive
1 > Content-Length: 41
1 > Content-Type: application/json; charset=UTF-8
1 > Host: reqres.in
1 > User-Agent: Apache-HttpClient/4.5.12 (Java/1.8.0_302)
{"first_name":"Pepe","last_name":"Table"}

17:36:17.180 response time in milliseconds: 2425,45
1 < 201
1 < CF-Cache-Status: DYNAMIC
1 < CF-RAY: 6968b07d4a5e0345-MIA
1 < Connection: keep-alive
1 < Content-Length: 91
1 < Content-Type: application/json; charset=utf-8
1 < Date: Wed, 29 Sep 2021 22:36:17 GMT
1 < Expect-CT: max-age=604800, report-uri="https://report-uri.cloudflare.com/cdn-cgi/beacon/expect-ct"
1 < NEL: {"success_fraction":0,"report_to":"cf-nel","max_age":604800}
1 < Report-To: {"endpoints":[{"url":"https:\/\/a.nel.cloudflare.com\/report\/v3?s=nAdz5u9%2BitkYoYX12h4VFYUt%2F1bKLnH7WXL9sRMHuCleEezWhCvohU1RwmZIt7%2FF6vmJQ%2BpSXm3nq5Th9lNGcSgVk2mzDfjb0HvGnz%2BNC673M3vrUrZb4Ky8Mkg%3D"}],"group":"cf-nel","max_age":604800}
1 < Server: cloudflare
1 < access-control-allow-origin: *
1 < alt-svc: h3=":443"; ma=86400, h3-29=":443"; ma=86400, h3-28=":443"; ma=86400, h3-27=":443"; ma=86400
1 < etag: W/"5b-eUloga2j2l/Atk3AaZ0cmdYuAYM"
1 < via: 1.1 vegur
1 < x-powered-by: Express
{"first_name":"Pepe","last_name":"Table","id":"383","createdAt":"2021-09-29T22:36:17.034Z"}

17:36:17.194 [print] el resp es:  {
  "createdAt": "2021-09-29T22:36:17.034Z",
  "last_name": "Table",
  "id": "383",
  "first_name": "Pepe"
}

43"; ma=86400, h3-29=":443"; ma=86400
1 < cf-request-id: 09b5634b6e00003eb771263000000001
{"first_name":"Pepe","last_name":"Table","id":"967","createdAt":"2021-04-27T14:44:49.380Z"}

09:44:50.046 [print] el resp es:  {
  "createdAt": "2021-04-27T14:44:49.380Z",
  "last_name": "Table",
  "id": "967",
  "first_name": "Pepe"
}

